# version: 1
# target_url: http://127.0.0.1:7533
# target_type: R/Shiny
{"type":"REQ_HOME","begin":"2024-04-15T07:18:33.434Z","end":"2024-04-15T07:18:33.471Z","status":200,"url":"/"}
{"type":"REQ_GET","begin":"2024-04-15T07:18:33.563Z","end":"2024-04-15T07:18:33.567Z","status":200,"url":"/jquery-3.6.0/jquery.min.js"}
{"type":"REQ_GET","begin":"2024-04-15T07:18:33.574Z","end":"2024-04-15T07:18:33.574Z","status":200,"url":"/shiny-css-1.8.1.1/shiny.min.css"}
{"type":"REQ_GET","begin":"2024-04-15T07:18:33.577Z","end":"2024-04-15T07:18:33.587Z","status":200,"url":"/shiny-javascript-1.8.1.1/shiny.min.js"}
{"type":"REQ_GET","begin":"2024-04-15T07:18:33.592Z","end":"2024-04-15T07:18:33.593Z","status":200,"url":"/htmltools-fill-0.5.8.1/fill.css"}
{"type":"REQ_GET","begin":"2024-04-15T07:18:33.597Z","end":"2024-04-15T07:18:33.597Z","status":200,"url":"/datatables-css-0.0.0/datatables-crosstalk.css"}
{"type":"REQ_GET","begin":"2024-04-15T07:18:33.601Z","end":"2024-04-15T07:18:33.602Z","status":200,"url":"/crosstalk-1.2.1/css/crosstalk.min.css"}
{"type":"REQ_GET","begin":"2024-04-15T07:18:33.607Z","end":"2024-04-15T07:18:33.610Z","status":200,"url":"/font-awesome-6.4.2/css/all.min.css"}
{"type":"REQ_GET","begin":"2024-04-15T07:18:33.613Z","end":"2024-04-15T07:18:33.614Z","status":200,"url":"/font-awesome-6.4.2/css/v4-shims.min.css"}
{"type":"REQ_GET","begin":"2024-04-15T07:18:33.618Z","end":"2024-04-15T07:18:33.623Z","status":200,"url":"/bootstrap-3.4.1/css/bootstrap.min.css"}
{"type":"REQ_GET","begin":"2024-04-15T07:18:33.626Z","end":"2024-04-15T07:18:33.627Z","status":200,"url":"/bootstrap-3.4.1/accessibility/css/bootstrap-accessibility.min.css"}
{"type":"REQ_GET","begin":"2024-04-15T07:18:33.630Z","end":"2024-04-15T07:18:33.632Z","status":200,"url":"/shinythemes/css/spacelab.min.css"}
{"type":"REQ_GET","begin":"2024-04-15T07:18:33.643Z","end":"2024-04-15T07:18:33.645Z","status":200,"url":"/htmlwidgets-1.6.4/htmlwidgets.js"}
{"type":"REQ_GET","begin":"2024-04-15T07:18:33.648Z","end":"2024-04-15T07:18:33.651Z","status":200,"url":"/datatables-binding-0.33/datatables.js"}
{"type":"REQ_GET","begin":"2024-04-15T07:18:33.654Z","end":"2024-04-15T07:18:33.655Z","status":200,"url":"/crosstalk-1.2.1/js/crosstalk.min.js"}
{"type":"REQ_GET","begin":"2024-04-15T07:18:33.659Z","end":"2024-04-15T07:18:33.661Z","status":200,"url":"/plotly-binding-4.10.4/plotly.js"}
{"type":"REQ_GET","begin":"2024-04-15T07:18:33.664Z","end":"2024-04-15T07:18:33.667Z","status":200,"url":"/bootstrap-3.4.1/js/bootstrap.min.js"}
{"type":"REQ_GET","begin":"2024-04-15T07:18:33.673Z","end":"2024-04-15T07:18:33.674Z","status":200,"url":"/bootstrap-3.4.1/accessibility/js/bootstrap-accessibility.min.js"}
{"type":"REQ_GET","begin":"2024-04-15T07:18:33.719Z","end":"2024-04-15T07:18:33.721Z","status":200,"url":"/shinythemes/fonts/Open_Sans_400.ttf"}
{"type":"REQ_GET","begin":"2024-04-15T07:18:33.725Z","end":"2024-04-15T07:18:33.726Z","status":200,"url":"/shinythemes/fonts/Open_Sans_700.ttf"}
{"type":"REQ_GET","begin":"2024-04-15T07:18:33.730Z","end":"2024-04-15T07:18:33.734Z","status":200,"url":"/font-awesome-6.4.2/webfonts/fa-solid-900.woff2"}
{"type":"WS_OPEN","begin":"2024-04-15T07:18:33.743Z","url":"/websocket/"}
{"type":"WS_SEND","begin":"2024-04-15T07:18:33.759Z","message":"{\"method\":\"init\",\"data\":{\"file1:shiny.file\":null,\"go:shiny.action\":0,\"rounding\":\"round\",\"ins\":false,\"show_leg\":true,\"cus1\":\"CH2,O\",\"cus2\":\"Cl-H\",\".clientdata_output_x1_width\":1372.9599609375,\".clientdata_output_x1_height\":0,\".clientdata_output_barplot_width\":1372.9599609375,\".clientdata_output_barplot_height\":399.9999694824219,\".clientdata_output_barplot_bg\":\"rgb(255, 255, 255)\",\".clientdata_output_barplot_fg\":\"rgb(102, 102, 102)\",\".clientdata_output_barplot_accent\":\"rgb(51, 153, 243)\",\".clientdata_output_barplot_font\":{\"families\":[\"Open Sans\",\"Helvetica Neue\",\"Helvetica\",\"Arial\",\"sans-serif\"],\"size\":\"14px\"},\".clientdata_output_plotctr_hidden\":false,\".clientdata_output_plotctr2_hidden\":false,\".clientdata_output_slide1_hidden\":false,\".clientdata_output_slide2_hidden\":false,\".clientdata_output_slide3_hidden\":false,\".clientdata_output_plot_hidden\":false,\".clientdata_output_x1_hidden\":false,\".clientdata_output_barplot_hidden\":false,\".clientdata_output_x3_hidden\":false,\".clientdata_pixelratio\":1.8,\".clientdata_url_protocol\":\"http:\",\".clientdata_url_hostname\":\"127.0.0.1\",\".clientdata_url_port\":\"8600\",\".clientdata_url_pathname\":\"/\",\".clientdata_url_search\":\"\",\".clientdata_url_hash_initial\":\"\",\".clientdata_url_hash\":\"\",\".clientdata_singletons\":\"12b42a8f0f7c798243d223ce8cf7a0d518f6c50a\"}}"}
{"type":"WS_RECV_INIT","begin":"2024-04-15T07:18:33.764Z","message":"{\"config\":{\"workerId\":\"\",\"sessionId\":\"${SESSION}\",\"user\":null}}"}
{"type":"WS_RECV","begin":"2024-04-15T07:18:33.843Z","message":"{\"errors\":{\"plotctr\":{\"message\":\"\",\"call\":\"NULL\",\"type\":[\"shiny.silent.error\",\"validation\"]},\"slide3\":{\"message\":\"\",\"call\":\"NULL\",\"type\":[\"shiny.silent.error\",\"validation\"]},\"slide2\":{\"message\":\"\",\"call\":\"NULL\",\"type\":[\"shiny.silent.error\",\"validation\"]},\"slide1\":{\"message\":\"\",\"call\":\"NULL\",\"type\":[\"shiny.silent.error\",\"validation\"]}},\"values\":{\"plotctr2\":{\"html\":\"<div class=\\\"row\\\">\\n  <br/>\\n  <div class=\\\"form-group shiny-input-container\\\">\\n    <label class=\\\"control-label\\\" id=\\\"x1-label\\\" for=\\\"x1\\\">x axis label for plot 1<\\/label>\\n    <input id=\\\"x1\\\" type=\\\"text\\\" class=\\\"shiny-input-text form-control\\\"/>\\n  <\\/div>\\n  <div class=\\\"form-group shiny-input-container\\\">\\n    <label class=\\\"control-label\\\" id=\\\"y1-label\\\" for=\\\"y1\\\">y axis label for plot 1<\\/label>\\n    <input id=\\\"y1\\\" type=\\\"text\\\" class=\\\"shiny-input-text form-control\\\"/>\\n  <\\/div>\\n  <div class=\\\"form-group shiny-input-container\\\">\\n    <label class=\\\"control-label\\\" id=\\\"x2-label\\\" for=\\\"x2\\\">x axis label for plot 2<\\/label>\\n    <input id=\\\"x2\\\" type=\\\"text\\\" class=\\\"shiny-input-text form-control\\\"/>\\n  <\\/div>\\n  <div class=\\\"form-group shiny-input-container\\\">\\n    <label class=\\\"control-label\\\" id=\\\"y2-label\\\" for=\\\"y2\\\">y axis label for plot 2<\\/label>\\n    <input id=\\\"y2\\\" type=\\\"text\\\" class=\\\"shiny-input-text form-control\\\"/>\\n  <\\/div>\\n<\\/div>\",\"deps\":[]},\"plot\":{\"html\":\"<div class=\\\"row\\\">\\n  <div class=\\\"col-sm-6\\\">\\n    <div class=\\\"plotly html-widget html-widget-output shiny-report-size shiny-report-theme html-fill-item\\\" id=\\\"DTPlot1\\\" style=\\\"width:100%;height:400px;\\\"><\\/div>\\n  <\\/div>\\n  <div class=\\\"col-sm-6\\\">\\n    <div class=\\\"plotly html-widget html-widget-output shiny-report-size shiny-report-theme html-fill-item\\\" id=\\\"DTPlot2\\\" style=\\\"width:100%;height:400px;\\\"><\\/div>\\n  <\\/div>\\n<\\/div>\",\"deps\":[{\"name\":\"htmltools-fill\",\"version\":\"0.5.8.1\",\"src\":{\"href\":\"htmltools-fill-0.5.8.1\"},\"meta\":null,\"script\":null,\"stylesheet\":\"fill.css\",\"head\":null,\"attachment\":null,\"all_files\":true},{\"name\":\"htmlwidgets\",\"version\":\"1.6.4\",\"src\":{\"href\":\"htmlwidgets-1.6.4\"},\"meta\":null,\"script\":\"htmlwidgets.js\",\"stylesheet\":null,\"head\":null,\"attachment\":null,\"all_files\":true},{\"name\":\"plotly-binding\",\"version\":\"4.10.4\",\"src\":{\"href\":\"plotly-binding-4.10.4\"},\"meta\":null,\"script\":\"plotly.js\",\"stylesheet\":null,\"head\":null,\"attachment\":null,\"all_files\":false}]}},\"inputMessages\":[]}"}
{"type":"WS_SEND","begin":"2024-04-15T07:18:33.878Z","message":"{\"method\":\"update\",\"data\":{\"x1\":\"\",\"y1\":\"\",\"x2\":\"\",\"y2\":\"\"}}"}
{"type":"WS_SEND","begin":"2024-04-15T07:18:33.879Z","message":"{\"method\":\"update\",\"data\":{}}"}
{"type":"WS_SEND","begin":"2024-04-15T07:18:33.880Z","message":"{\"method\":\"update\",\"data\":{}}"}
{"type":"WS_SEND","begin":"2024-04-15T07:18:33.882Z","message":"{\"method\":\"update\",\"data\":{}}"}
{"type":"WS_SEND","begin":"2024-04-15T07:18:33.883Z","message":"{\"method\":\"update\",\"data\":{\".clientdata_output_DTPlot1_width\":671.4756469726562,\".clientdata_output_DTPlot1_height\":399.9999694824219,\".clientdata_output_DTPlot2_width\":671.4756469726562,\".clientdata_output_DTPlot2_height\":399.9999694824219,\".clientdata_output_DTPlot1_bg\":\"rgb(255, 255, 255)\",\".clientdata_output_DTPlot1_fg\":\"rgb(102, 102, 102)\",\".clientdata_output_DTPlot1_accent\":\"rgb(51, 153, 243)\",\".clientdata_output_DTPlot1_font\":{\"families\":[\"Open Sans\",\"Helvetica Neue\",\"Helvetica\",\"Arial\",\"sans-serif\"],\"size\":\"14px\"},\".clientdata_output_DTPlot2_bg\":\"rgb(255, 255, 255)\",\".clientdata_output_DTPlot2_fg\":\"rgb(102, 102, 102)\",\".clientdata_output_DTPlot2_accent\":\"rgb(51, 153, 243)\",\".clientdata_output_DTPlot2_font\":{\"families\":[\"Open Sans\",\"Helvetica Neue\",\"Helvetica\",\"Arial\",\"sans-serif\"],\"size\":\"14px\"},\".clientdata_output_DTPlot1_hidden\":false,\".clientdata_output_DTPlot2_hidden\":false}}"}
{"type":"WS_SEND","begin":"2024-04-15T07:18:33.886Z","message":"{\"method\":\"update\",\"data\":{}}"}
{"type":"WS_SEND","begin":"2024-04-15T07:18:33.887Z","message":"{\"method\":\"update\",\"data\":{}}"}
{"type":"WS_SEND","begin":"2024-04-15T07:18:33.888Z","message":"{\"method\":\"update\",\"data\":{}}"}
{"type":"WS_SEND","begin":"2024-04-15T07:18:33.889Z","message":"{\"method\":\"update\",\"data\":{}}"}
{"type":"WS_SEND","begin":"2024-04-15T07:18:33.891Z","message":"{\"method\":\"update\",\"data\":{}}"}
{"type":"WS_SEND","begin":"2024-04-15T07:18:33.892Z","message":"{\"method\":\"update\",\"data\":{}}"}
{"type":"WS_SEND","begin":"2024-04-15T07:18:33.892Z","message":"{\"method\":\"update\",\"data\":{}}"}
{"type":"WS_SEND","begin":"2024-04-15T07:18:33.893Z","message":"{\"method\":\"update\",\"data\":{}}"}
{"type":"WS_SEND","begin":"2024-04-15T07:18:33.894Z","message":"{\"method\":\"update\",\"data\":{}}"}
{"type":"WS_SEND","begin":"2024-04-15T07:18:33.895Z","message":"{\"method\":\"update\",\"data\":{}}"}
{"type":"WS_SEND","begin":"2024-04-15T07:18:33.896Z","message":"{\"method\":\"update\",\"data\":{}}"}
{"type":"WS_SEND","begin":"2024-04-15T07:19:20.024Z","message":"{\"method\":\"uploadInit\",\"args\":[[{\"name\":\"testMDPlotR.csv\",\"size\":6224,\"type\":\"text/csv\"}]],\"tag\":0}"}
{"type":"WS_RECV_BEGIN_UPLOAD","begin":"2024-04-15T07:19:20.029Z","message":"{\"response\":{\"tag\":0,\"value\":{\"jobId\":\"${UPLOAD_JOB_ID}\",\"uploadUrl\":\"session/${SESSION}/upload/${UPLOAD_JOB_ID}?w=\"}}}"}
{"type":"WS_SEND","begin":"2024-04-15T07:19:26.609Z","message":"{\"method\":\"update\",\"data\":{\"go:shiny.action\":1}}"}
{"type":"WS_CLOSE","begin":"2024-04-15T07:19:33.953Z"}
